mode: set
boxin/service/courseclass/handler/courseclass.go:49.116,50.85 1 1
boxin/service/courseclass/handler/courseclass.go:56.2,58.12 3 1
boxin/service/courseclass/handler/courseclass.go:50.85,55.3 4 0
boxin/service/courseclass/handler/courseclass.go:61.119,73.79 4 1
boxin/service/courseclass/handler/courseclass.go:79.2,81.12 3 1
boxin/service/courseclass/handler/courseclass.go:73.79,78.3 4 0
boxin/service/courseclass/handler/courseclass.go:84.129,92.16 4 1
boxin/service/courseclass/handler/courseclass.go:98.2,109.12 2 1
boxin/service/courseclass/handler/courseclass.go:92.16,97.3 4 0
boxin/service/courseclass/handler/courseclass.go:112.138,115.29 2 1
boxin/service/courseclass/handler/courseclass.go:137.2,142.12 2 1
boxin/service/courseclass/handler/courseclass.go:115.29,122.17 4 1
boxin/service/courseclass/handler/courseclass.go:128.3,135.5 1 1
boxin/service/courseclass/handler/courseclass.go:122.17,127.4 4 0
boxin/service/courseclass/handler/courseclass.go:145.102,151.67 2 1
boxin/service/courseclass/handler/courseclass.go:157.2,159.12 3 1
boxin/service/courseclass/handler/courseclass.go:151.67,156.3 4 1
boxin/service/courseclass/handler/courseclass.go:162.111,163.90 1 1
boxin/service/courseclass/handler/courseclass.go:169.2,171.12 3 1
boxin/service/courseclass/handler/courseclass.go:163.90,168.3 4 0
boxin/service/courseclass/handler/courseclass.go:174.113,175.82 1 1
boxin/service/courseclass/handler/courseclass.go:181.2,183.12 3 1
boxin/service/courseclass/handler/courseclass.go:175.82,180.3 4 0
boxin/service/courseclass/handler/courseclass.go:186.122,187.91 1 1
boxin/service/courseclass/handler/courseclass.go:193.2,195.12 3 1
boxin/service/courseclass/handler/courseclass.go:187.91,192.3 4 0
boxin/service/courseclass/handler/courseclass.go:198.125,201.16 2 1
boxin/service/courseclass/handler/courseclass.go:208.2,209.25 2 1
boxin/service/courseclass/handler/courseclass.go:220.2,225.12 2 1
boxin/service/courseclass/handler/courseclass.go:201.16,206.3 4 0
boxin/service/courseclass/handler/courseclass.go:209.25,218.3 1 1
boxin/service/courseclass/handler/courseclass.go:233.131,244.16 5 0
boxin/service/courseclass/handler/courseclass.go:251.2,253.17 2 0
boxin/service/courseclass/handler/courseclass.go:260.2,261.29 2 0
boxin/service/courseclass/handler/courseclass.go:273.2,278.12 2 0
boxin/service/courseclass/handler/courseclass.go:244.16,249.3 4 0
boxin/service/courseclass/handler/courseclass.go:253.17,258.3 4 0
boxin/service/courseclass/handler/courseclass.go:261.29,271.3 1 0
boxin/service/courseclass/handler/courseclass.go:281.121,296.88 6 1
boxin/service/courseclass/handler/courseclass.go:303.2,323.67 4 1
boxin/service/courseclass/handler/courseclass.go:329.2,331.12 3 1
boxin/service/courseclass/handler/courseclass.go:296.88,301.3 4 0
boxin/service/courseclass/handler/courseclass.go:323.67,328.3 4 0
